<!doctype html>
<html lang="">
<head>
    <meta charset="UTF-8">
    <meta name="viewport"
          content="width=device-width, user-scalable=no, initial-scale=1.0, maximum-scale=1.0, minimum-scale=1.0">
    <meta http-equiv="X-UA-Compatible" content="ie=edge">
    <title>Test Results Report - merge</title>

    <link href="reportng.css" rel="stylesheet" type="text/css"/>
</head>
<body>
<div id="meta">
Generated by <a href="http://www.testng.org" target="_blank">TestNG</a> with <a href="https://github.com/testng-team/reportng" target="_blank">ReportNG</a>
at 16:16 ART on Friday 02 February 2024
    <br/><span
    id="systemInfo">tom@Toms-MacBook-Pro.local&nbsp;/&nbsp;Java 17.0.9 (Amazon.com Inc.)&nbsp;/&nbsp;Mac OS X 14.0 (x86_64)</span>
</div>
<h1>merge</h1>

<p>
    <a href="index.html">Suites</a>
        &#183; <a href="output.html">Log Output</a>
</p>

<p>Test duration
    : 19.211s</p>


    <table class="resultsTable">
        <tr>
            <th colspan="3" class="header failed">Failed Tests</th>
        </tr>
            <tr>
                <td class="group" colspan="3">tests.tenant.authentication.AuthenticationTestSetup</td>
            </tr>
    <tr>
        <td class="method">
                importTokens
        </td>
        <td class="duration">
            0.008s
        </td>
        <td class="result">
            <!-- Display the dependencies for skipped test methods -->

                <i>Method arguments: </i>
                <span class="arguments">
                    "AgentConnectorTesting", "RadiusBrokerClient", "RadiusServerClient", "LDAPTesting"
                </span>
                <br/>

            <!-- Show logger output for the test -->

                <a href="javascript:toggleElement('exception-0', 'block')"
                   title="Click to expand/collapse">
                    <b>org.openqa.selenium.NoSuchWindowException: no such window: target window already closed<br/>
from unknown error: web view not found<br/>
&nbsp; (Session info: chrome=121.0.6167.139)<br/>
Build info: version: &apos;4.5.0&apos;, revision: &apos;fe167b119a&apos;<br/>
System info: os.name: &apos;Mac OS X&apos;, os.arch: &apos;x86_64&apos;, os.version: &apos;14.0&apos;, java.version: &apos;17.0.9&apos;<br/>
Driver info: org.openqa.selenium.chrome.ChromeDriver<br/>
Command: [c5fd5f08fef90c612b447a8f19631a91, get {url=https://qa-sfs-st-v5-01.qa.safewalk.info:8448/}]<br/>
Capabilities {acceptInsecureCerts: false, browserName: chrome, browserVersion: 121.0.6167.139, chrome: {chromedriverVersion: 121.0.6167.85 (3f98d690ad7e..., userDataDir: /var/folders/9_/ltcc_sn90_g...}, fedcm:accounts: true, goog:chromeOptions: {debuggerAddress: localhost:51141}, networkConnectionEnabled: false, pageLoadStrategy: normal, platformName: MAC, proxy: Proxy(), se:cdp: ws://localhost:51141/devtoo..., se:cdpVersion: 121.0.6167.139, setWindowRect: true, strictFileInteractability: false, timeouts: {implicit: 0, pageLoad: 300000, script: 30000}, unhandledPromptBehavior: dismiss and notify, webauthn:extension:credBlob: true, webauthn:extension:largeBlob: true, webauthn:extension:minPinLength: true, webauthn:extension:prf: true, webauthn:virtualAuthenticators: true}<br/>
Session ID: c5fd5f08fef90c612b447a8f19631a91</b>
                </a>
                <br/>
                <div class="stackTrace" id="exception-0">
                        java.base/jdk.internal.reflect.NativeConstructorAccessorImpl.newInstance0(Native Method)<br/>
                        java.base/jdk.internal.reflect.NativeConstructorAccessorImpl.newInstance(NativeConstructorAccessorImpl.java:77)<br/>
                        java.base/jdk.internal.reflect.DelegatingConstructorAccessorImpl.newInstance(DelegatingConstructorAccessorImpl.java:45)<br/>
                        java.base/java.lang.reflect.Constructor.newInstanceWithCaller(Constructor.java:499)<br/>
                        java.base/java.lang.reflect.Constructor.newInstance(Constructor.java:480)<br/>
                        org.openqa.selenium.remote.codec.w3c.W3CHttpResponseCodec.createException(W3CHttpResponseCodec.java:200)<br/>
                        org.openqa.selenium.remote.codec.w3c.W3CHttpResponseCodec.decode(W3CHttpResponseCodec.java:133)<br/>
                        org.openqa.selenium.remote.codec.w3c.W3CHttpResponseCodec.decode(W3CHttpResponseCodec.java:53)<br/>
                        org.openqa.selenium.remote.HttpCommandExecutor.execute(HttpCommandExecutor.java:184)<br/>
                        org.openqa.selenium.remote.service.DriverCommandExecutor.invokeExecute(DriverCommandExecutor.java:167)<br/>
                        org.openqa.selenium.remote.service.DriverCommandExecutor.execute(DriverCommandExecutor.java:142)<br/>
                        org.openqa.selenium.remote.RemoteWebDriver.execute(RemoteWebDriver.java:547)<br/>
                        org.openqa.selenium.remote.RemoteWebDriver.get(RemoteWebDriver.java:310)<br/>
                        tests.tenant.authentication.AuthenticationTestSetup.importTokens(AuthenticationTestSetup.java:246)<br/>
                        java.base/jdk.internal.reflect.NativeMethodAccessorImpl.invoke0(Native Method)<br/>
                        java.base/jdk.internal.reflect.NativeMethodAccessorImpl.invoke(NativeMethodAccessorImpl.java:77)<br/>
                        java.base/jdk.internal.reflect.DelegatingMethodAccessorImpl.invoke(DelegatingMethodAccessorImpl.java:43)<br/>
                        java.base/java.lang.reflect.Method.invoke(Method.java:568)<br/>
                        org.testng.internal.invokers.MethodInvocationHelper.invokeMethod(MethodInvocationHelper.java:135)<br/>
                        org.testng.internal.invokers.TestInvoker.invokeMethod(TestInvoker.java:673)<br/>
                        org.testng.internal.invokers.TestInvoker.invokeTestMethod(TestInvoker.java:220)<br/>
                        org.testng.internal.invokers.MethodRunner.runInSequence(MethodRunner.java:50)<br/>
                        org.testng.internal.invokers.TestInvoker$MethodInvocationAgent.invoke(TestInvoker.java:945)<br/>
                        org.testng.internal.invokers.TestInvoker.invokeTestMethods(TestInvoker.java:193)<br/>
                        org.testng.internal.invokers.TestMethodWorker.invokeTestMethods(TestMethodWorker.java:146)<br/>
                        org.testng.internal.invokers.TestMethodWorker.run(TestMethodWorker.java:128)<br/>
                        java.base/java.util.ArrayList.forEach(ArrayList.java:1511)<br/>
                        org.testng.TestRunner.privateRun(TestRunner.java:808)<br/>
                        org.testng.TestRunner.run(TestRunner.java:603)<br/>
                        org.testng.SuiteRunner.runTest(SuiteRunner.java:429)<br/>
                        org.testng.SuiteRunner.runSequentially(SuiteRunner.java:423)<br/>
                        org.testng.SuiteRunner.privateRun(SuiteRunner.java:383)<br/>
                        org.testng.SuiteRunner.run(SuiteRunner.java:326)<br/>
                        org.testng.SuiteRunnerWorker.runSuite(SuiteRunnerWorker.java:52)<br/>
                        org.testng.SuiteRunnerWorker.run(SuiteRunnerWorker.java:95)<br/>
                        org.testng.TestNG.runSuitesSequentially(TestNG.java:1249)<br/>
                        org.testng.TestNG.runSuitesLocally(TestNG.java:1169)<br/>
                        org.testng.TestNG.runSuites(TestNG.java:1092)<br/>
                        org.testng.TestNG.run(TestNG.java:1060)<br/>
                        com.intellij.rt.testng.IDEARemoteTestNG.run(IDEARemoteTestNG.java:66)<br/>
                        com.intellij.rt.testng.RemoteTestNGStarter.main(RemoteTestNGStarter.java:105)<br/>
                </div>
        </td>
    </tr>
    <tr>
        <td class="method">
                login
        </td>
        <td class="duration">
            18.839s
        </td>
        <td class="result">
            <!-- Display the dependencies for skipped test methods -->

                <i>Method arguments: </i>
                <span class="arguments">
                    "testng", "Safewalk1", "admin", "Safewalk2023+"
                </span>
                <br/>

            <!-- Show logger output for the test -->

                <a href="javascript:toggleElement('exception-1', 'block')"
                   title="Click to expand/collapse">
                    <b>org.openqa.selenium.NoSuchElementException: Unable to find element with locator By.linkText: Users<br/>
For documentation on this error, please visit: https://selenium.dev/exceptions/#no_such_element<br/>
Build info: version: &apos;4.5.0&apos;, revision: &apos;fe167b119a&apos;<br/>
System info: os.name: &apos;Mac OS X&apos;, os.arch: &apos;x86_64&apos;, os.version: &apos;14.0&apos;, java.version: &apos;17.0.9&apos;<br/>
Driver info: driver.version: RemoteWebDriver</b>
                </a>
                <br/>
                <div class="stackTrace" id="exception-1">
                        org.openqa.selenium.remote.ElementLocation$ElementFinder$2.findElement(ElementLocation.java:165)<br/>
                        org.openqa.selenium.remote.ElementLocation.findElement(ElementLocation.java:60)<br/>
                        org.openqa.selenium.remote.RemoteWebDriver.findElement(RemoteWebDriver.java:365)<br/>
                        org.openqa.selenium.remote.RemoteWebDriver.findElement(RemoteWebDriver.java:357)<br/>
                        pages.tenant.superadmin.DashboardPage.getUsersLink(DashboardPage.java:117)<br/>
                        tests.tenant.superadmin.LoginTest.login(LoginTest.java:36)<br/>
                        java.base/jdk.internal.reflect.NativeMethodAccessorImpl.invoke0(Native Method)<br/>
                        java.base/jdk.internal.reflect.NativeMethodAccessorImpl.invoke(NativeMethodAccessorImpl.java:77)<br/>
                        java.base/jdk.internal.reflect.DelegatingMethodAccessorImpl.invoke(DelegatingMethodAccessorImpl.java:43)<br/>
                        java.base/java.lang.reflect.Method.invoke(Method.java:568)<br/>
                        org.testng.internal.invokers.MethodInvocationHelper.invokeMethod(MethodInvocationHelper.java:135)<br/>
                        org.testng.internal.invokers.TestInvoker.invokeMethod(TestInvoker.java:673)<br/>
                        org.testng.internal.invokers.TestInvoker.invokeTestMethod(TestInvoker.java:220)<br/>
                        org.testng.internal.invokers.TestMethodWithDataProviderMethodWorker.call(TestMethodWithDataProviderMethodWorker.java:80)<br/>
                        org.testng.internal.invokers.TestMethodWithDataProviderMethodWorker.call(TestMethodWithDataProviderMethodWorker.java:17)<br/>
                        java.base/java.util.concurrent.FutureTask.run(FutureTask.java:264)<br/>
                        java.base/java.util.concurrent.Executors$RunnableAdapter.call(Executors.java:539)<br/>
                        java.base/java.util.concurrent.FutureTask.run(FutureTask.java:264)<br/>
                        java.base/java.util.concurrent.ThreadPoolExecutor.runWorker(ThreadPoolExecutor.java:1136)<br/>
                        java.base/java.util.concurrent.ThreadPoolExecutor$Worker.run(ThreadPoolExecutor.java:635)<br/>
                        java.base/java.lang.Thread.run(Thread.java:840)<br/>
                </div>
        </td>
    </tr>
    <tr>
        <td class="method">
                saveAPITokens
        </td>
        <td class="duration">
            0.185s
        </td>
        <td class="result">
            <!-- Display the dependencies for skipped test methods -->

                <i>Method arguments: </i>
                <span class="arguments">
                    "AgentConnectorTesting", "RadiusBrokerClient", "RadiusServerClient", "LDAPTesting"
                </span>
                <br/>

            <!-- Show logger output for the test -->

                <a href="javascript:toggleElement('exception-2', 'block')"
                   title="Click to expand/collapse">
                    <b>org.openqa.selenium.NoSuchWindowException: no such window: target window already closed<br/>
from unknown error: web view not found<br/>
&nbsp; (Session info: chrome=121.0.6167.139)<br/>
Build info: version: &apos;4.5.0&apos;, revision: &apos;fe167b119a&apos;<br/>
System info: os.name: &apos;Mac OS X&apos;, os.arch: &apos;x86_64&apos;, os.version: &apos;14.0&apos;, java.version: &apos;17.0.9&apos;<br/>
Driver info: org.openqa.selenium.chrome.ChromeDriver<br/>
Command: [c5fd5f08fef90c612b447a8f19631a91, findElement {using=link text, value=Home}]<br/>
Capabilities {acceptInsecureCerts: false, browserName: chrome, browserVersion: 121.0.6167.139, chrome: {chromedriverVersion: 121.0.6167.85 (3f98d690ad7e..., userDataDir: /var/folders/9_/ltcc_sn90_g...}, fedcm:accounts: true, goog:chromeOptions: {debuggerAddress: localhost:51141}, networkConnectionEnabled: false, pageLoadStrategy: normal, platformName: MAC, proxy: Proxy(), se:cdp: ws://localhost:51141/devtoo..., se:cdpVersion: 121.0.6167.139, setWindowRect: true, strictFileInteractability: false, timeouts: {implicit: 0, pageLoad: 300000, script: 30000}, unhandledPromptBehavior: dismiss and notify, webauthn:extension:credBlob: true, webauthn:extension:largeBlob: true, webauthn:extension:minPinLength: true, webauthn:extension:prf: true, webauthn:virtualAuthenticators: true}<br/>
Session ID: c5fd5f08fef90c612b447a8f19631a91</b>
                </a>
                <br/>
                <div class="stackTrace" id="exception-2">
                        java.base/jdk.internal.reflect.NativeConstructorAccessorImpl.newInstance0(Native Method)<br/>
                        java.base/jdk.internal.reflect.NativeConstructorAccessorImpl.newInstance(NativeConstructorAccessorImpl.java:77)<br/>
                        java.base/jdk.internal.reflect.DelegatingConstructorAccessorImpl.newInstance(DelegatingConstructorAccessorImpl.java:45)<br/>
                        java.base/java.lang.reflect.Constructor.newInstanceWithCaller(Constructor.java:499)<br/>
                        java.base/java.lang.reflect.Constructor.newInstance(Constructor.java:480)<br/>
                        org.openqa.selenium.remote.codec.w3c.W3CHttpResponseCodec.createException(W3CHttpResponseCodec.java:200)<br/>
                        org.openqa.selenium.remote.codec.w3c.W3CHttpResponseCodec.decode(W3CHttpResponseCodec.java:133)<br/>
                        org.openqa.selenium.remote.codec.w3c.W3CHttpResponseCodec.decode(W3CHttpResponseCodec.java:53)<br/>
                        org.openqa.selenium.remote.HttpCommandExecutor.execute(HttpCommandExecutor.java:184)<br/>
                        org.openqa.selenium.remote.service.DriverCommandExecutor.invokeExecute(DriverCommandExecutor.java:167)<br/>
                        org.openqa.selenium.remote.service.DriverCommandExecutor.execute(DriverCommandExecutor.java:142)<br/>
                        org.openqa.selenium.remote.RemoteWebDriver.execute(RemoteWebDriver.java:547)<br/>
                        org.openqa.selenium.remote.ElementLocation$ElementFinder$2.findElement(ElementLocation.java:162)<br/>
                        org.openqa.selenium.remote.ElementLocation.findElement(ElementLocation.java:60)<br/>
                        org.openqa.selenium.remote.RemoteWebDriver.findElement(RemoteWebDriver.java:365)<br/>
                        org.openqa.selenium.remote.RemoteWebDriver.findElement(RemoteWebDriver.java:357)<br/>
                        pages.tenant.superadmin.DashboardPage.getHomeLink(DashboardPage.java:121)<br/>
                        tests.tenant.authentication.AuthenticationTestSetup.saveAPITokens(AuthenticationTestSetup.java:54)<br/>
                        java.base/jdk.internal.reflect.NativeMethodAccessorImpl.invoke0(Native Method)<br/>
                        java.base/jdk.internal.reflect.NativeMethodAccessorImpl.invoke(NativeMethodAccessorImpl.java:77)<br/>
                        java.base/jdk.internal.reflect.DelegatingMethodAccessorImpl.invoke(DelegatingMethodAccessorImpl.java:43)<br/>
                        java.base/java.lang.reflect.Method.invoke(Method.java:568)<br/>
                        org.testng.internal.invokers.MethodInvocationHelper.invokeMethod(MethodInvocationHelper.java:135)<br/>
                        org.testng.internal.invokers.TestInvoker.invokeMethod(TestInvoker.java:673)<br/>
                        org.testng.internal.invokers.TestInvoker.invokeTestMethod(TestInvoker.java:220)<br/>
                        org.testng.internal.invokers.MethodRunner.runInSequence(MethodRunner.java:50)<br/>
                        org.testng.internal.invokers.TestInvoker$MethodInvocationAgent.invoke(TestInvoker.java:945)<br/>
                        org.testng.internal.invokers.TestInvoker.invokeTestMethods(TestInvoker.java:193)<br/>
                        org.testng.internal.invokers.TestMethodWorker.invokeTestMethods(TestMethodWorker.java:146)<br/>
                        org.testng.internal.invokers.TestMethodWorker.run(TestMethodWorker.java:128)<br/>
                        java.base/java.util.ArrayList.forEach(ArrayList.java:1511)<br/>
                        org.testng.TestRunner.privateRun(TestRunner.java:808)<br/>
                        org.testng.TestRunner.run(TestRunner.java:603)<br/>
                        org.testng.SuiteRunner.runTest(SuiteRunner.java:429)<br/>
                        org.testng.SuiteRunner.runSequentially(SuiteRunner.java:423)<br/>
                        org.testng.SuiteRunner.privateRun(SuiteRunner.java:383)<br/>
                        org.testng.SuiteRunner.run(SuiteRunner.java:326)<br/>
                        org.testng.SuiteRunnerWorker.runSuite(SuiteRunnerWorker.java:52)<br/>
                        org.testng.SuiteRunnerWorker.run(SuiteRunnerWorker.java:95)<br/>
                        org.testng.TestNG.runSuitesSequentially(TestNG.java:1249)<br/>
                        org.testng.TestNG.runSuitesLocally(TestNG.java:1169)<br/>
                        org.testng.TestNG.runSuites(TestNG.java:1092)<br/>
                        org.testng.TestNG.run(TestNG.java:1060)<br/>
                        com.intellij.rt.testng.IDEARemoteTestNG.run(IDEARemoteTestNG.java:66)<br/>
                        com.intellij.rt.testng.RemoteTestNGStarter.main(RemoteTestNGStarter.java:105)<br/>
                </div>
        </td>
    </tr>
    <tr>
        <td class="method">
                setupAgentConnector
        </td>
        <td class="duration">
            0.004s
        </td>
        <td class="result">
            <!-- Display the dependencies for skipped test methods -->

                <i>Method arguments: </i>
                <span class="arguments">
                    "AgentConnectorTesting", "RadiusBrokerClient", "RadiusServerClient", "LDAPTesting"
                </span>
                <br/>

            <!-- Show logger output for the test -->

                <a href="javascript:toggleElement('exception-3', 'block')"
                   title="Click to expand/collapse">
                    <b>org.openqa.selenium.NoSuchWindowException: no such window: target window already closed<br/>
from unknown error: web view not found<br/>
&nbsp; (Session info: chrome=121.0.6167.139)<br/>
Build info: version: &apos;4.5.0&apos;, revision: &apos;fe167b119a&apos;<br/>
System info: os.name: &apos;Mac OS X&apos;, os.arch: &apos;x86_64&apos;, os.version: &apos;14.0&apos;, java.version: &apos;17.0.9&apos;<br/>
Driver info: org.openqa.selenium.chrome.ChromeDriver<br/>
Command: [c5fd5f08fef90c612b447a8f19631a91, findElement {using=link text, value=Agent connectors}]<br/>
Capabilities {acceptInsecureCerts: false, browserName: chrome, browserVersion: 121.0.6167.139, chrome: {chromedriverVersion: 121.0.6167.85 (3f98d690ad7e..., userDataDir: /var/folders/9_/ltcc_sn90_g...}, fedcm:accounts: true, goog:chromeOptions: {debuggerAddress: localhost:51141}, networkConnectionEnabled: false, pageLoadStrategy: normal, platformName: MAC, proxy: Proxy(), se:cdp: ws://localhost:51141/devtoo..., se:cdpVersion: 121.0.6167.139, setWindowRect: true, strictFileInteractability: false, timeouts: {implicit: 0, pageLoad: 300000, script: 30000}, unhandledPromptBehavior: dismiss and notify, webauthn:extension:credBlob: true, webauthn:extension:largeBlob: true, webauthn:extension:minPinLength: true, webauthn:extension:prf: true, webauthn:virtualAuthenticators: true}<br/>
Session ID: c5fd5f08fef90c612b447a8f19631a91</b>
                </a>
                <br/>
                <div class="stackTrace" id="exception-3">
                        java.base/jdk.internal.reflect.NativeConstructorAccessorImpl.newInstance0(Native Method)<br/>
                        java.base/jdk.internal.reflect.NativeConstructorAccessorImpl.newInstance(NativeConstructorAccessorImpl.java:77)<br/>
                        java.base/jdk.internal.reflect.DelegatingConstructorAccessorImpl.newInstance(DelegatingConstructorAccessorImpl.java:45)<br/>
                        java.base/java.lang.reflect.Constructor.newInstanceWithCaller(Constructor.java:499)<br/>
                        java.base/java.lang.reflect.Constructor.newInstance(Constructor.java:480)<br/>
                        org.openqa.selenium.remote.codec.w3c.W3CHttpResponseCodec.createException(W3CHttpResponseCodec.java:200)<br/>
                        org.openqa.selenium.remote.codec.w3c.W3CHttpResponseCodec.decode(W3CHttpResponseCodec.java:133)<br/>
                        org.openqa.selenium.remote.codec.w3c.W3CHttpResponseCodec.decode(W3CHttpResponseCodec.java:53)<br/>
                        org.openqa.selenium.remote.HttpCommandExecutor.execute(HttpCommandExecutor.java:184)<br/>
                        org.openqa.selenium.remote.service.DriverCommandExecutor.invokeExecute(DriverCommandExecutor.java:167)<br/>
                        org.openqa.selenium.remote.service.DriverCommandExecutor.execute(DriverCommandExecutor.java:142)<br/>
                        org.openqa.selenium.remote.RemoteWebDriver.execute(RemoteWebDriver.java:547)<br/>
                        org.openqa.selenium.remote.ElementLocation$ElementFinder$2.findElement(ElementLocation.java:162)<br/>
                        org.openqa.selenium.remote.ElementLocation.findElement(ElementLocation.java:60)<br/>
                        org.openqa.selenium.remote.RemoteWebDriver.findElement(RemoteWebDriver.java:365)<br/>
                        org.openqa.selenium.remote.RemoteWebDriver.findElement(RemoteWebDriver.java:357)<br/>
                        pages.tenant.superadmin.DashboardPage.getAgentConnectorLink(DashboardPage.java:152)<br/>
                        tests.tenant.authentication.AuthenticationTestSetup.setupAgentConnector(AuthenticationTestSetup.java:106)<br/>
                        java.base/jdk.internal.reflect.NativeMethodAccessorImpl.invoke0(Native Method)<br/>
                        java.base/jdk.internal.reflect.NativeMethodAccessorImpl.invoke(NativeMethodAccessorImpl.java:77)<br/>
                        java.base/jdk.internal.reflect.DelegatingMethodAccessorImpl.invoke(DelegatingMethodAccessorImpl.java:43)<br/>
                        java.base/java.lang.reflect.Method.invoke(Method.java:568)<br/>
                        org.testng.internal.invokers.MethodInvocationHelper.invokeMethod(MethodInvocationHelper.java:135)<br/>
                        org.testng.internal.invokers.TestInvoker.invokeMethod(TestInvoker.java:673)<br/>
                        org.testng.internal.invokers.TestInvoker.invokeTestMethod(TestInvoker.java:220)<br/>
                        org.testng.internal.invokers.MethodRunner.runInSequence(MethodRunner.java:50)<br/>
                        org.testng.internal.invokers.TestInvoker$MethodInvocationAgent.invoke(TestInvoker.java:945)<br/>
                        org.testng.internal.invokers.TestInvoker.invokeTestMethods(TestInvoker.java:193)<br/>
                        org.testng.internal.invokers.TestMethodWorker.invokeTestMethods(TestMethodWorker.java:146)<br/>
                        org.testng.internal.invokers.TestMethodWorker.run(TestMethodWorker.java:128)<br/>
                        java.base/java.util.ArrayList.forEach(ArrayList.java:1511)<br/>
                        org.testng.TestRunner.privateRun(TestRunner.java:808)<br/>
                        org.testng.TestRunner.run(TestRunner.java:603)<br/>
                        org.testng.SuiteRunner.runTest(SuiteRunner.java:429)<br/>
                        org.testng.SuiteRunner.runSequentially(SuiteRunner.java:423)<br/>
                        org.testng.SuiteRunner.privateRun(SuiteRunner.java:383)<br/>
                        org.testng.SuiteRunner.run(SuiteRunner.java:326)<br/>
                        org.testng.SuiteRunnerWorker.runSuite(SuiteRunnerWorker.java:52)<br/>
                        org.testng.SuiteRunnerWorker.run(SuiteRunnerWorker.java:95)<br/>
                        org.testng.TestNG.runSuitesSequentially(TestNG.java:1249)<br/>
                        org.testng.TestNG.runSuitesLocally(TestNG.java:1169)<br/>
                        org.testng.TestNG.runSuites(TestNG.java:1092)<br/>
                        org.testng.TestNG.run(TestNG.java:1060)<br/>
                        com.intellij.rt.testng.IDEARemoteTestNG.run(IDEARemoteTestNG.java:66)<br/>
                        com.intellij.rt.testng.RemoteTestNGStarter.main(RemoteTestNGStarter.java:105)<br/>
                </div>
        </td>
    </tr>
    <tr>
        <td class="method">
                setupLDAPConfiguration
        </td>
        <td class="duration">
            0.004s
        </td>
        <td class="result">
            <!-- Display the dependencies for skipped test methods -->

                <i>Method arguments: </i>
                <span class="arguments">
                    "AgentConnectorTesting", "RadiusBrokerClient", "RadiusServerClient", "LDAPTesting"
                </span>
                <br/>

            <!-- Show logger output for the test -->

                <a href="javascript:toggleElement('exception-4', 'block')"
                   title="Click to expand/collapse">
                    <b>org.openqa.selenium.NoSuchWindowException: no such window: target window already closed<br/>
from unknown error: web view not found<br/>
&nbsp; (Session info: chrome=121.0.6167.139)<br/>
Build info: version: &apos;4.5.0&apos;, revision: &apos;fe167b119a&apos;<br/>
System info: os.name: &apos;Mac OS X&apos;, os.arch: &apos;x86_64&apos;, os.version: &apos;14.0&apos;, java.version: &apos;17.0.9&apos;<br/>
Driver info: org.openqa.selenium.chrome.ChromeDriver<br/>
Command: [c5fd5f08fef90c612b447a8f19631a91, get {url=https://qa-sfs-st-v5-01.qa.safewalk.info:8448/}]<br/>
Capabilities {acceptInsecureCerts: false, browserName: chrome, browserVersion: 121.0.6167.139, chrome: {chromedriverVersion: 121.0.6167.85 (3f98d690ad7e..., userDataDir: /var/folders/9_/ltcc_sn90_g...}, fedcm:accounts: true, goog:chromeOptions: {debuggerAddress: localhost:51141}, networkConnectionEnabled: false, pageLoadStrategy: normal, platformName: MAC, proxy: Proxy(), se:cdp: ws://localhost:51141/devtoo..., se:cdpVersion: 121.0.6167.139, setWindowRect: true, strictFileInteractability: false, timeouts: {implicit: 0, pageLoad: 300000, script: 30000}, unhandledPromptBehavior: dismiss and notify, webauthn:extension:credBlob: true, webauthn:extension:largeBlob: true, webauthn:extension:minPinLength: true, webauthn:extension:prf: true, webauthn:virtualAuthenticators: true}<br/>
Session ID: c5fd5f08fef90c612b447a8f19631a91</b>
                </a>
                <br/>
                <div class="stackTrace" id="exception-4">
                        java.base/jdk.internal.reflect.NativeConstructorAccessorImpl.newInstance0(Native Method)<br/>
                        java.base/jdk.internal.reflect.NativeConstructorAccessorImpl.newInstance(NativeConstructorAccessorImpl.java:77)<br/>
                        java.base/jdk.internal.reflect.DelegatingConstructorAccessorImpl.newInstance(DelegatingConstructorAccessorImpl.java:45)<br/>
                        java.base/java.lang.reflect.Constructor.newInstanceWithCaller(Constructor.java:499)<br/>
                        java.base/java.lang.reflect.Constructor.newInstance(Constructor.java:480)<br/>
                        org.openqa.selenium.remote.codec.w3c.W3CHttpResponseCodec.createException(W3CHttpResponseCodec.java:200)<br/>
                        org.openqa.selenium.remote.codec.w3c.W3CHttpResponseCodec.decode(W3CHttpResponseCodec.java:133)<br/>
                        org.openqa.selenium.remote.codec.w3c.W3CHttpResponseCodec.decode(W3CHttpResponseCodec.java:53)<br/>
                        org.openqa.selenium.remote.HttpCommandExecutor.execute(HttpCommandExecutor.java:184)<br/>
                        org.openqa.selenium.remote.service.DriverCommandExecutor.invokeExecute(DriverCommandExecutor.java:167)<br/>
                        org.openqa.selenium.remote.service.DriverCommandExecutor.execute(DriverCommandExecutor.java:142)<br/>
                        org.openqa.selenium.remote.RemoteWebDriver.execute(RemoteWebDriver.java:547)<br/>
                        org.openqa.selenium.remote.RemoteWebDriver.get(RemoteWebDriver.java:310)<br/>
                        tests.tenant.authentication.AuthenticationTestSetup.setupLDAPConfiguration(AuthenticationTestSetup.java:155)<br/>
                        java.base/jdk.internal.reflect.NativeMethodAccessorImpl.invoke0(Native Method)<br/>
                        java.base/jdk.internal.reflect.NativeMethodAccessorImpl.invoke(NativeMethodAccessorImpl.java:77)<br/>
                        java.base/jdk.internal.reflect.DelegatingMethodAccessorImpl.invoke(DelegatingMethodAccessorImpl.java:43)<br/>
                        java.base/java.lang.reflect.Method.invoke(Method.java:568)<br/>
                        org.testng.internal.invokers.MethodInvocationHelper.invokeMethod(MethodInvocationHelper.java:135)<br/>
                        org.testng.internal.invokers.TestInvoker.invokeMethod(TestInvoker.java:673)<br/>
                        org.testng.internal.invokers.TestInvoker.invokeTestMethod(TestInvoker.java:220)<br/>
                        org.testng.internal.invokers.MethodRunner.runInSequence(MethodRunner.java:50)<br/>
                        org.testng.internal.invokers.TestInvoker$MethodInvocationAgent.invoke(TestInvoker.java:945)<br/>
                        org.testng.internal.invokers.TestInvoker.invokeTestMethods(TestInvoker.java:193)<br/>
                        org.testng.internal.invokers.TestMethodWorker.invokeTestMethods(TestMethodWorker.java:146)<br/>
                        org.testng.internal.invokers.TestMethodWorker.run(TestMethodWorker.java:128)<br/>
                        java.base/java.util.ArrayList.forEach(ArrayList.java:1511)<br/>
                        org.testng.TestRunner.privateRun(TestRunner.java:808)<br/>
                        org.testng.TestRunner.run(TestRunner.java:603)<br/>
                        org.testng.SuiteRunner.runTest(SuiteRunner.java:429)<br/>
                        org.testng.SuiteRunner.runSequentially(SuiteRunner.java:423)<br/>
                        org.testng.SuiteRunner.privateRun(SuiteRunner.java:383)<br/>
                        org.testng.SuiteRunner.run(SuiteRunner.java:326)<br/>
                        org.testng.SuiteRunnerWorker.runSuite(SuiteRunnerWorker.java:52)<br/>
                        org.testng.SuiteRunnerWorker.run(SuiteRunnerWorker.java:95)<br/>
                        org.testng.TestNG.runSuitesSequentially(TestNG.java:1249)<br/>
                        org.testng.TestNG.runSuitesLocally(TestNG.java:1169)<br/>
                        org.testng.TestNG.runSuites(TestNG.java:1092)<br/>
                        org.testng.TestNG.run(TestNG.java:1060)<br/>
                        com.intellij.rt.testng.IDEARemoteTestNG.run(IDEARemoteTestNG.java:66)<br/>
                        com.intellij.rt.testng.RemoteTestNGStarter.main(RemoteTestNGStarter.java:105)<br/>
                </div>
        </td>
    </tr>
    <tr>
        <td class="method">
                setupMessagingGateway
        </td>
        <td class="duration">
            0.005s
        </td>
        <td class="result">
            <!-- Display the dependencies for skipped test methods -->

                <i>Method arguments: </i>
                <span class="arguments">
                    "AgentConnectorTesting", "RadiusBrokerClient", "RadiusServerClient", "LDAPTesting"
                </span>
                <br/>

            <!-- Show logger output for the test -->

                <a href="javascript:toggleElement('exception-5', 'block')"
                   title="Click to expand/collapse">
                    <b>org.openqa.selenium.NoSuchWindowException: no such window: target window already closed<br/>
from unknown error: web view not found<br/>
&nbsp; (Session info: chrome=121.0.6167.139)<br/>
Build info: version: &apos;4.5.0&apos;, revision: &apos;fe167b119a&apos;<br/>
System info: os.name: &apos;Mac OS X&apos;, os.arch: &apos;x86_64&apos;, os.version: &apos;14.0&apos;, java.version: &apos;17.0.9&apos;<br/>
Driver info: org.openqa.selenium.chrome.ChromeDriver<br/>
Command: [c5fd5f08fef90c612b447a8f19631a91, get {url=https://qa-sfs-st-v5-01.qa.safewalk.info:8448/}]<br/>
Capabilities {acceptInsecureCerts: false, browserName: chrome, browserVersion: 121.0.6167.139, chrome: {chromedriverVersion: 121.0.6167.85 (3f98d690ad7e..., userDataDir: /var/folders/9_/ltcc_sn90_g...}, fedcm:accounts: true, goog:chromeOptions: {debuggerAddress: localhost:51141}, networkConnectionEnabled: false, pageLoadStrategy: normal, platformName: MAC, proxy: Proxy(), se:cdp: ws://localhost:51141/devtoo..., se:cdpVersion: 121.0.6167.139, setWindowRect: true, strictFileInteractability: false, timeouts: {implicit: 0, pageLoad: 300000, script: 30000}, unhandledPromptBehavior: dismiss and notify, webauthn:extension:credBlob: true, webauthn:extension:largeBlob: true, webauthn:extension:minPinLength: true, webauthn:extension:prf: true, webauthn:virtualAuthenticators: true}<br/>
Session ID: c5fd5f08fef90c612b447a8f19631a91</b>
                </a>
                <br/>
                <div class="stackTrace" id="exception-5">
                        java.base/jdk.internal.reflect.NativeConstructorAccessorImpl.newInstance0(Native Method)<br/>
                        java.base/jdk.internal.reflect.NativeConstructorAccessorImpl.newInstance(NativeConstructorAccessorImpl.java:77)<br/>
                        java.base/jdk.internal.reflect.DelegatingConstructorAccessorImpl.newInstance(DelegatingConstructorAccessorImpl.java:45)<br/>
                        java.base/java.lang.reflect.Constructor.newInstanceWithCaller(Constructor.java:499)<br/>
                        java.base/java.lang.reflect.Constructor.newInstance(Constructor.java:480)<br/>
                        org.openqa.selenium.remote.codec.w3c.W3CHttpResponseCodec.createException(W3CHttpResponseCodec.java:200)<br/>
                        org.openqa.selenium.remote.codec.w3c.W3CHttpResponseCodec.decode(W3CHttpResponseCodec.java:133)<br/>
                        org.openqa.selenium.remote.codec.w3c.W3CHttpResponseCodec.decode(W3CHttpResponseCodec.java:53)<br/>
                        org.openqa.selenium.remote.HttpCommandExecutor.execute(HttpCommandExecutor.java:184)<br/>
                        org.openqa.selenium.remote.service.DriverCommandExecutor.invokeExecute(DriverCommandExecutor.java:167)<br/>
                        org.openqa.selenium.remote.service.DriverCommandExecutor.execute(DriverCommandExecutor.java:142)<br/>
                        org.openqa.selenium.remote.RemoteWebDriver.execute(RemoteWebDriver.java:547)<br/>
                        org.openqa.selenium.remote.RemoteWebDriver.get(RemoteWebDriver.java:310)<br/>
                        tests.tenant.authentication.AuthenticationTestSetup.setupMessagingGateway(AuthenticationTestSetup.java:209)<br/>
                        java.base/jdk.internal.reflect.NativeMethodAccessorImpl.invoke0(Native Method)<br/>
                        java.base/jdk.internal.reflect.NativeMethodAccessorImpl.invoke(NativeMethodAccessorImpl.java:77)<br/>
                        java.base/jdk.internal.reflect.DelegatingMethodAccessorImpl.invoke(DelegatingMethodAccessorImpl.java:43)<br/>
                        java.base/java.lang.reflect.Method.invoke(Method.java:568)<br/>
                        org.testng.internal.invokers.MethodInvocationHelper.invokeMethod(MethodInvocationHelper.java:135)<br/>
                        org.testng.internal.invokers.TestInvoker.invokeMethod(TestInvoker.java:673)<br/>
                        org.testng.internal.invokers.TestInvoker.invokeTestMethod(TestInvoker.java:220)<br/>
                        org.testng.internal.invokers.MethodRunner.runInSequence(MethodRunner.java:50)<br/>
                        org.testng.internal.invokers.TestInvoker$MethodInvocationAgent.invoke(TestInvoker.java:945)<br/>
                        org.testng.internal.invokers.TestInvoker.invokeTestMethods(TestInvoker.java:193)<br/>
                        org.testng.internal.invokers.TestMethodWorker.invokeTestMethods(TestMethodWorker.java:146)<br/>
                        org.testng.internal.invokers.TestMethodWorker.run(TestMethodWorker.java:128)<br/>
                        java.base/java.util.ArrayList.forEach(ArrayList.java:1511)<br/>
                        org.testng.TestRunner.privateRun(TestRunner.java:808)<br/>
                        org.testng.TestRunner.run(TestRunner.java:603)<br/>
                        org.testng.SuiteRunner.runTest(SuiteRunner.java:429)<br/>
                        org.testng.SuiteRunner.runSequentially(SuiteRunner.java:423)<br/>
                        org.testng.SuiteRunner.privateRun(SuiteRunner.java:383)<br/>
                        org.testng.SuiteRunner.run(SuiteRunner.java:326)<br/>
                        org.testng.SuiteRunnerWorker.runSuite(SuiteRunnerWorker.java:52)<br/>
                        org.testng.SuiteRunnerWorker.run(SuiteRunnerWorker.java:95)<br/>
                        org.testng.TestNG.runSuitesSequentially(TestNG.java:1249)<br/>
                        org.testng.TestNG.runSuitesLocally(TestNG.java:1169)<br/>
                        org.testng.TestNG.runSuites(TestNG.java:1092)<br/>
                        org.testng.TestNG.run(TestNG.java:1060)<br/>
                        com.intellij.rt.testng.IDEARemoteTestNG.run(IDEARemoteTestNG.java:66)<br/>
                        com.intellij.rt.testng.RemoteTestNGStarter.main(RemoteTestNGStarter.java:105)<br/>
                </div>
        </td>
    </tr>
    <tr>
        <td class="method">
                setupRadiusclient
        </td>
        <td class="duration">
            0.005s
        </td>
        <td class="result">
            <!-- Display the dependencies for skipped test methods -->

                <i>Method arguments: </i>
                <span class="arguments">
                    "AgentConnectorTesting", "RadiusBrokerClient", "RadiusServerClient", "LDAPTesting"
                </span>
                <br/>

            <!-- Show logger output for the test -->

                <a href="javascript:toggleElement('exception-6', 'block')"
                   title="Click to expand/collapse">
                    <b>org.openqa.selenium.NoSuchWindowException: no such window: target window already closed<br/>
from unknown error: web view not found<br/>
&nbsp; (Session info: chrome=121.0.6167.139)<br/>
Build info: version: &apos;4.5.0&apos;, revision: &apos;fe167b119a&apos;<br/>
System info: os.name: &apos;Mac OS X&apos;, os.arch: &apos;x86_64&apos;, os.version: &apos;14.0&apos;, java.version: &apos;17.0.9&apos;<br/>
Driver info: org.openqa.selenium.chrome.ChromeDriver<br/>
Command: [c5fd5f08fef90c612b447a8f19631a91, get {url=https://qa-sfs-st-v5-01.qa.safewalk.info:8448/}]<br/>
Capabilities {acceptInsecureCerts: false, browserName: chrome, browserVersion: 121.0.6167.139, chrome: {chromedriverVersion: 121.0.6167.85 (3f98d690ad7e..., userDataDir: /var/folders/9_/ltcc_sn90_g...}, fedcm:accounts: true, goog:chromeOptions: {debuggerAddress: localhost:51141}, networkConnectionEnabled: false, pageLoadStrategy: normal, platformName: MAC, proxy: Proxy(), se:cdp: ws://localhost:51141/devtoo..., se:cdpVersion: 121.0.6167.139, setWindowRect: true, strictFileInteractability: false, timeouts: {implicit: 0, pageLoad: 300000, script: 30000}, unhandledPromptBehavior: dismiss and notify, webauthn:extension:credBlob: true, webauthn:extension:largeBlob: true, webauthn:extension:minPinLength: true, webauthn:extension:prf: true, webauthn:virtualAuthenticators: true}<br/>
Session ID: c5fd5f08fef90c612b447a8f19631a91</b>
                </a>
                <br/>
                <div class="stackTrace" id="exception-6">
                        java.base/jdk.internal.reflect.NativeConstructorAccessorImpl.newInstance0(Native Method)<br/>
                        java.base/jdk.internal.reflect.NativeConstructorAccessorImpl.newInstance(NativeConstructorAccessorImpl.java:77)<br/>
                        java.base/jdk.internal.reflect.DelegatingConstructorAccessorImpl.newInstance(DelegatingConstructorAccessorImpl.java:45)<br/>
                        java.base/java.lang.reflect.Constructor.newInstanceWithCaller(Constructor.java:499)<br/>
                        java.base/java.lang.reflect.Constructor.newInstance(Constructor.java:480)<br/>
                        org.openqa.selenium.remote.codec.w3c.W3CHttpResponseCodec.createException(W3CHttpResponseCodec.java:200)<br/>
                        org.openqa.selenium.remote.codec.w3c.W3CHttpResponseCodec.decode(W3CHttpResponseCodec.java:133)<br/>
                        org.openqa.selenium.remote.codec.w3c.W3CHttpResponseCodec.decode(W3CHttpResponseCodec.java:53)<br/>
                        org.openqa.selenium.remote.HttpCommandExecutor.execute(HttpCommandExecutor.java:184)<br/>
                        org.openqa.selenium.remote.service.DriverCommandExecutor.invokeExecute(DriverCommandExecutor.java:167)<br/>
                        org.openqa.selenium.remote.service.DriverCommandExecutor.execute(DriverCommandExecutor.java:142)<br/>
                        org.openqa.selenium.remote.RemoteWebDriver.execute(RemoteWebDriver.java:547)<br/>
                        org.openqa.selenium.remote.RemoteWebDriver.get(RemoteWebDriver.java:310)<br/>
                        tests.tenant.authentication.AuthenticationTestSetup.setupRadiusclient(AuthenticationTestSetup.java:67)<br/>
                        java.base/jdk.internal.reflect.NativeMethodAccessorImpl.invoke0(Native Method)<br/>
                        java.base/jdk.internal.reflect.NativeMethodAccessorImpl.invoke(NativeMethodAccessorImpl.java:77)<br/>
                        java.base/jdk.internal.reflect.DelegatingMethodAccessorImpl.invoke(DelegatingMethodAccessorImpl.java:43)<br/>
                        java.base/java.lang.reflect.Method.invoke(Method.java:568)<br/>
                        org.testng.internal.invokers.MethodInvocationHelper.invokeMethod(MethodInvocationHelper.java:135)<br/>
                        org.testng.internal.invokers.TestInvoker.invokeMethod(TestInvoker.java:673)<br/>
                        org.testng.internal.invokers.TestInvoker.invokeTestMethod(TestInvoker.java:220)<br/>
                        org.testng.internal.invokers.MethodRunner.runInSequence(MethodRunner.java:50)<br/>
                        org.testng.internal.invokers.TestInvoker$MethodInvocationAgent.invoke(TestInvoker.java:945)<br/>
                        org.testng.internal.invokers.TestInvoker.invokeTestMethods(TestInvoker.java:193)<br/>
                        org.testng.internal.invokers.TestMethodWorker.invokeTestMethods(TestMethodWorker.java:146)<br/>
                        org.testng.internal.invokers.TestMethodWorker.run(TestMethodWorker.java:128)<br/>
                        java.base/java.util.ArrayList.forEach(ArrayList.java:1511)<br/>
                        org.testng.TestRunner.privateRun(TestRunner.java:808)<br/>
                        org.testng.TestRunner.run(TestRunner.java:603)<br/>
                        org.testng.SuiteRunner.runTest(SuiteRunner.java:429)<br/>
                        org.testng.SuiteRunner.runSequentially(SuiteRunner.java:423)<br/>
                        org.testng.SuiteRunner.privateRun(SuiteRunner.java:383)<br/>
                        org.testng.SuiteRunner.run(SuiteRunner.java:326)<br/>
                        org.testng.SuiteRunnerWorker.runSuite(SuiteRunnerWorker.java:52)<br/>
                        org.testng.SuiteRunnerWorker.run(SuiteRunnerWorker.java:95)<br/>
                        org.testng.TestNG.runSuitesSequentially(TestNG.java:1249)<br/>
                        org.testng.TestNG.runSuitesLocally(TestNG.java:1169)<br/>
                        org.testng.TestNG.runSuites(TestNG.java:1092)<br/>
                        org.testng.TestNG.run(TestNG.java:1060)<br/>
                        com.intellij.rt.testng.IDEARemoteTestNG.run(IDEARemoteTestNG.java:66)<br/>
                        com.intellij.rt.testng.RemoteTestNGStarter.main(RemoteTestNGStarter.java:105)<br/>
                </div>
        </td>
    </tr>
    </table>



<script type="text/javascript" src="reportng.js"></script>
</body>
